2017-03-12 23:03:32 Error: [Cake\Database\Exception\MissingExtensionException] Database driver Cake\Database\Driver\Mysql cannot be used due to a missing PHP extension or unmet dependency in /home/ricardo/workspace/adminFut/app/vendor/cakephp/cakephp/src/Database/Connection.php on line 173
Exception Attributes: array (
  'driver' => 'Cake\\Database\\Driver\\Mysql',
)
Stack Trace:
#0 /home/ricardo/workspace/adminFut/app/vendor/cakephp/cakephp/src/Database/Connection.php(116): Cake\Database\Connection->setDriver(Object(Cake\Database\Driver\Mysql), Array)
#1 /home/ricardo/workspace/adminFut/app/vendor/cakephp/cakephp/src/Datasource/ConnectionRegistry.php(89): Cake\Database\Connection->__construct(Array)
#2 /home/ricardo/workspace/adminFut/app/vendor/cakephp/cakephp/src/Core/ObjectRegistry.php(93): Cake\Datasource\ConnectionRegistry->_create('Cake\\Database\\C...', 'default', Array)
#3 /home/ricardo/workspace/adminFut/app/vendor/cakephp/cakephp/src/Datasource/ConnectionManager.php(205): Cake\Core\ObjectRegistry->load('Cake\\Database\\C...', Array)
#4 /home/ricardo/workspace/adminFut/app/vendor/cakephp/bake/src/Shell/Task/ModelTask.php(951): Cake\Datasource\ConnectionManager::get('default')
#5 /home/ricardo/workspace/adminFut/app/vendor/cakephp/bake/src/Shell/Task/ModelTask.php(911): Bake\Shell\Task\ModelTask->_getAllTables()
#6 /home/ricardo/workspace/adminFut/app/vendor/cakephp/bake/src/Shell/Task/ModelTask.php(926): Bake\Shell\Task\ModelTask->listAll()
#7 /home/ricardo/workspace/adminFut/app/vendor/cakephp/bake/src/Shell/BakeShell.php(237): Bake\Shell\Task\ModelTask->listUnskipped()
#8 /home/ricardo/workspace/adminFut/app/vendor/cakephp/cakephp/src/Console/Shell.php(458): Bake\Shell\BakeShell->all()
#9 /home/ricardo/workspace/adminFut/app/vendor/cakephp/cakephp/src/Console/ShellDispatcher.php(230): Cake\Console\Shell->runCommand(Array, true, Array)
#10 /home/ricardo/workspace/adminFut/app/vendor/cakephp/cakephp/src/Console/ShellDispatcher.php(182): Cake\Console\ShellDispatcher->_dispatch(Array)
#11 /home/ricardo/workspace/adminFut/app/vendor/cakephp/cakephp/src/Console/ShellDispatcher.php(128): Cake\Console\ShellDispatcher->dispatch(Array)
#12 /home/ricardo/workspace/adminFut/app/bin/cake.php(34): Cake\Console\ShellDispatcher::run(Array)
#13 {main}


2017-03-12 23:08:10 Error: [PDOException] SQLSTATE[08006] [7] FATAL:  password authentication failed for user "postgres"
FATAL:  password authentication failed for user "postgres" in /home/ricardo/workspace/adminFut/app/vendor/cakephp/cakephp/src/Database/Driver/PDODriverTrait.php on line 47
Stack Trace:
#0 /home/ricardo/workspace/adminFut/app/vendor/cakephp/cakephp/src/Database/Driver/PDODriverTrait.php(47): PDO->__construct('pgsql:host=loca...', 'postgres', 'Ricardo6!', Array)
#1 /home/ricardo/workspace/adminFut/app/vendor/cakephp/cakephp/src/Database/Driver/Postgres.php(68): Cake\Database\Driver\Postgres->_connect('pgsql:host=loca...', Array)
#2 /home/ricardo/workspace/adminFut/app/vendor/cakephp/cakephp/src/Database/Schema/BaseSchema.php(45): Cake\Database\Driver\Postgres->connect()
#3 /home/ricardo/workspace/adminFut/app/vendor/cakephp/cakephp/src/Database/Dialect/PostgresDialectTrait.php(168): Cake\Database\Schema\BaseSchema->__construct(Object(Cake\Database\Driver\Postgres))
#4 /home/ricardo/workspace/adminFut/app/vendor/cakephp/cakephp/src/Database/Schema/Collection.php(52): Cake\Database\Driver\Postgres->schemaDialect()
#5 /home/ricardo/workspace/adminFut/app/vendor/cakephp/cakephp/src/Database/Schema/CachedCollection.php(42): Cake\Database\Schema\Collection->__construct(Object(Cake\Database\Connection))
#6 /home/ricardo/workspace/adminFut/app/vendor/cakephp/cakephp/src/Database/Connection.php(367): Cake\Database\Schema\CachedCollection->__construct(Object(Cake\Database\Connection), true)
#7 /home/ricardo/workspace/adminFut/app/vendor/cakephp/cakephp/src/Database/Connection.php(386): Cake\Database\Connection->getSchemaCollection()
#8 /home/ricardo/workspace/adminFut/app/vendor/cakephp/bake/src/Shell/Task/ModelTask.php(959): Cake\Database\Connection->schemaCollection()
#9 /home/ricardo/workspace/adminFut/app/vendor/cakephp/bake/src/Shell/Task/ModelTask.php(911): Bake\Shell\Task\ModelTask->_getAllTables()
#10 /home/ricardo/workspace/adminFut/app/vendor/cakephp/bake/src/Shell/Task/ModelTask.php(926): Bake\Shell\Task\ModelTask->listAll()
#11 /home/ricardo/workspace/adminFut/app/vendor/cakephp/bake/src/Shell/BakeShell.php(237): Bake\Shell\Task\ModelTask->listUnskipped()
#12 /home/ricardo/workspace/adminFut/app/vendor/cakephp/cakephp/src/Console/Shell.php(458): Bake\Shell\BakeShell->all()
#13 /home/ricardo/workspace/adminFut/app/vendor/cakephp/cakephp/src/Console/ShellDispatcher.php(230): Cake\Console\Shell->runCommand(Array, true, Array)
#14 /home/ricardo/workspace/adminFut/app/vendor/cakephp/cakephp/src/Console/ShellDispatcher.php(182): Cake\Console\ShellDispatcher->_dispatch(Array)
#15 /home/ricardo/workspace/adminFut/app/vendor/cakephp/cakephp/src/Console/ShellDispatcher.php(128): Cake\Console\ShellDispatcher->dispatch(Array)
#16 /home/ricardo/workspace/adminFut/app/bin/cake.php(34): Cake\Console\ShellDispatcher::run(Array)
#17 {main}


2017-03-12 23:08:16 Error: [PDOException] SQLSTATE[08006] [7] FATAL:  password authentication failed for user "postgres"
FATAL:  password authentication failed for user "postgres" in /home/ricardo/workspace/adminFut/app/vendor/cakephp/cakephp/src/Database/Driver/PDODriverTrait.php on line 47
Stack Trace:
#0 /home/ricardo/workspace/adminFut/app/vendor/cakephp/cakephp/src/Database/Driver/PDODriverTrait.php(47): PDO->__construct('pgsql:host=loca...', 'postgres', 'Ricardo6!', Array)
#1 /home/ricardo/workspace/adminFut/app/vendor/cakephp/cakephp/src/Database/Driver/Postgres.php(68): Cake\Database\Driver\Postgres->_connect('pgsql:host=loca...', Array)
#2 /home/ricardo/workspace/adminFut/app/vendor/cakephp/cakephp/src/Database/Schema/BaseSchema.php(45): Cake\Database\Driver\Postgres->connect()
#3 /home/ricardo/workspace/adminFut/app/vendor/cakephp/cakephp/src/Database/Dialect/PostgresDialectTrait.php(168): Cake\Database\Schema\BaseSchema->__construct(Object(Cake\Database\Driver\Postgres))
#4 /home/ricardo/workspace/adminFut/app/vendor/cakephp/cakephp/src/Database/Schema/Collection.php(52): Cake\Database\Driver\Postgres->schemaDialect()
#5 /home/ricardo/workspace/adminFut/app/vendor/cakephp/cakephp/src/Database/Schema/CachedCollection.php(42): Cake\Database\Schema\Collection->__construct(Object(Cake\Database\Connection))
#6 /home/ricardo/workspace/adminFut/app/vendor/cakephp/cakephp/src/Database/Connection.php(367): Cake\Database\Schema\CachedCollection->__construct(Object(Cake\Database\Connection), true)
#7 /home/ricardo/workspace/adminFut/app/vendor/cakephp/cakephp/src/Database/Connection.php(386): Cake\Database\Connection->getSchemaCollection()
#8 /home/ricardo/workspace/adminFut/app/vendor/cakephp/bake/src/Shell/Task/ModelTask.php(959): Cake\Database\Connection->schemaCollection()
#9 /home/ricardo/workspace/adminFut/app/vendor/cakephp/bake/src/Shell/Task/ModelTask.php(911): Bake\Shell\Task\ModelTask->_getAllTables()
#10 /home/ricardo/workspace/adminFut/app/vendor/cakephp/bake/src/Shell/Task/ModelTask.php(926): Bake\Shell\Task\ModelTask->listAll()
#11 /home/ricardo/workspace/adminFut/app/vendor/cakephp/bake/src/Shell/BakeShell.php(237): Bake\Shell\Task\ModelTask->listUnskipped()
#12 /home/ricardo/workspace/adminFut/app/vendor/cakephp/cakephp/src/Console/Shell.php(458): Bake\Shell\BakeShell->all()
#13 /home/ricardo/workspace/adminFut/app/vendor/cakephp/cakephp/src/Console/ShellDispatcher.php(230): Cake\Console\Shell->runCommand(Array, true, Array)
#14 /home/ricardo/workspace/adminFut/app/vendor/cakephp/cakephp/src/Console/ShellDispatcher.php(182): Cake\Console\ShellDispatcher->_dispatch(Array)
#15 /home/ricardo/workspace/adminFut/app/vendor/cakephp/cakephp/src/Console/ShellDispatcher.php(128): Cake\Console\ShellDispatcher->dispatch(Array)
#16 /home/ricardo/workspace/adminFut/app/bin/cake.php(34): Cake\Console\ShellDispatcher::run(Array)
#17 {main}


2017-03-12 23:15:37 Warning: Warning (2): unlink(/home/ricardo/workspace/adminFut/app/src/Model/Table/empty): Permission denied in [/home/ricardo/workspace/adminFut/app/vendor/cakephp/cakephp/src/Filesystem/File.php, line 285]
Trace:
Cake\Error\BaseErrorHandler::handleError() - CORE/src/Error/BaseErrorHandler.php, line 153
unlink - [internal], line ??
Cake\Filesystem\File::delete() - CORE/src/Filesystem/File.php, line 285
Bake\Shell\Task\BakeTask::_deleteEmptyFile() - ROOT/vendor/cakephp/bake/src/Shell/Task/BakeTask.php, line 214
Bake\Shell\Task\ModelTask::bakeTable() - ROOT/vendor/cakephp/bake/src/Shell/Task/ModelTask.php, line 894
Bake\Shell\Task\ModelTask::bake() - ROOT/vendor/cakephp/bake/src/Shell/Task/ModelTask.php, line 111
Bake\Shell\Task\ModelTask::main() - ROOT/vendor/cakephp/bake/src/Shell/Task/ModelTask.php, line 97
Bake\Shell\BakeShell::Bake\Shell\{closure}() - ROOT/vendor/cakephp/bake/src/Shell/BakeShell.php, line 260
Cake\Collection\Collection::each() - CORE/src/Collection/CollectionTrait.php, line 51
Bake\Shell\BakeShell::all() - ROOT/vendor/cakephp/bake/src/Shell/BakeShell.php, line 263
Cake\Console\Shell::runCommand() - CORE/src/Console/Shell.php, line 458
Cake\Console\ShellDispatcher::_dispatch() - CORE/src/Console/ShellDispatcher.php, line 230
Cake\Console\ShellDispatcher::dispatch() - CORE/src/Console/ShellDispatcher.php, line 182
Cake\Console\ShellDispatcher::run() - CORE/src/Console/ShellDispatcher.php, line 128
[main] - ROOT/bin/cake.php, line 34



2017-03-12 23:15:37 Warning: Warning (2): unlink(/home/ricardo/workspace/adminFut/app/src/Model/Entity/empty): Permission denied in [/home/ricardo/workspace/adminFut/app/vendor/cakephp/cakephp/src/Filesystem/File.php, line 285]
Trace:
Cake\Error\BaseErrorHandler::handleError() - CORE/src/Error/BaseErrorHandler.php, line 153
unlink - [internal], line ??
Cake\Filesystem\File::delete() - CORE/src/Filesystem/File.php, line 285
Bake\Shell\Task\BakeTask::_deleteEmptyFile() - ROOT/vendor/cakephp/bake/src/Shell/Task/BakeTask.php, line 214
Bake\Shell\Task\ModelTask::bakeEntity() - ROOT/vendor/cakephp/bake/src/Shell/Task/ModelTask.php, line 836
Bake\Shell\Task\ModelTask::bake() - ROOT/vendor/cakephp/bake/src/Shell/Task/ModelTask.php, line 112
Bake\Shell\Task\ModelTask::main() - ROOT/vendor/cakephp/bake/src/Shell/Task/ModelTask.php, line 97
Bake\Shell\BakeShell::Bake\Shell\{closure}() - ROOT/vendor/cakephp/bake/src/Shell/BakeShell.php, line 260
Cake\Collection\Collection::each() - CORE/src/Collection/CollectionTrait.php, line 51
Bake\Shell\BakeShell::all() - ROOT/vendor/cakephp/bake/src/Shell/BakeShell.php, line 263
Cake\Console\Shell::runCommand() - CORE/src/Console/Shell.php, line 458
Cake\Console\ShellDispatcher::_dispatch() - CORE/src/Console/ShellDispatcher.php, line 230
Cake\Console\ShellDispatcher::dispatch() - CORE/src/Console/ShellDispatcher.php, line 182
Cake\Console\ShellDispatcher::run() - CORE/src/Console/ShellDispatcher.php, line 128
[main] - ROOT/bin/cake.php, line 34



2017-03-12 23:15:37 Warning: Warning (2): unlink(/home/ricardo/workspace/adminFut/app/tests/Fixture/empty): Permission denied in [/home/ricardo/workspace/adminFut/app/vendor/cakephp/cakephp/src/Filesystem/File.php, line 285]
Trace:
Cake\Error\BaseErrorHandler::handleError() - CORE/src/Error/BaseErrorHandler.php, line 153
unlink - [internal], line ??
Cake\Filesystem\File::delete() - CORE/src/Filesystem/File.php, line 285
Bake\Shell\Task\BakeTask::_deleteEmptyFile() - ROOT/vendor/cakephp/bake/src/Shell/Task/BakeTask.php, line 214
Bake\Shell\Task\FixtureTask::generateFixtureFile() - ROOT/vendor/cakephp/bake/src/Shell/Task/FixtureTask.php, line 236
Bake\Shell\Task\FixtureTask::bake() - ROOT/vendor/cakephp/bake/src/Shell/Task/FixtureTask.php, line 200
Bake\Shell\Task\ModelTask::bakeFixture() - ROOT/vendor/cakephp/bake/src/Shell/Task/ModelTask.php, line 1064
Bake\Shell\Task\ModelTask::bake() - ROOT/vendor/cakephp/bake/src/Shell/Task/ModelTask.php, line 113
Bake\Shell\Task\ModelTask::main() - ROOT/vendor/cakephp/bake/src/Shell/Task/ModelTask.php, line 97
Bake\Shell\BakeShell::Bake\Shell\{closure}() - ROOT/vendor/cakephp/bake/src/Shell/BakeShell.php, line 260
Cake\Collection\Collection::each() - CORE/src/Collection/CollectionTrait.php, line 51
Bake\Shell\BakeShell::all() - ROOT/vendor/cakephp/bake/src/Shell/BakeShell.php, line 263
Cake\Console\Shell::runCommand() - CORE/src/Console/Shell.php, line 458
Cake\Console\ShellDispatcher::_dispatch() - CORE/src/Console/ShellDispatcher.php, line 230
Cake\Console\ShellDispatcher::dispatch() - CORE/src/Console/ShellDispatcher.php, line 182
Cake\Console\ShellDispatcher::run() - CORE/src/Console/ShellDispatcher.php, line 128
[main] - ROOT/bin/cake.php, line 34



2017-03-12 23:15:37 Warning: Warning (2): mkdir(): Permission denied in [/home/ricardo/workspace/adminFut/app/vendor/cakephp/cakephp/src/Filesystem/Folder.php, line 637]
Trace:
Cake\Error\BaseErrorHandler::handleError() - CORE/src/Error/BaseErrorHandler.php, line 153
mkdir - [internal], line ??
Cake\Filesystem\Folder::create() - CORE/src/Filesystem/Folder.php, line 637
Cake\Filesystem\Folder::__construct() - CORE/src/Filesystem/Folder.php, line 146
Cake\Filesystem\File::__construct() - CORE/src/Filesystem/File.php, line 85
Cake\Console\Shell::createFile() - CORE/src/Console/Shell.php, line 833
Bake\Shell\Task\TestTask::bake() - ROOT/vendor/cakephp/bake/src/Shell/Task/TestTask.php, line 279
Bake\Shell\Task\ModelTask::bakeTest() - ROOT/vendor/cakephp/bake/src/Shell/Task/ModelTask.php, line 1081
Bake\Shell\Task\ModelTask::bake() - ROOT/vendor/cakephp/bake/src/Shell/Task/ModelTask.php, line 114
Bake\Shell\Task\ModelTask::main() - ROOT/vendor/cakephp/bake/src/Shell/Task/ModelTask.php, line 97
Bake\Shell\BakeShell::Bake\Shell\{closure}() - ROOT/vendor/cakephp/bake/src/Shell/BakeShell.php, line 260
Cake\Collection\Collection::each() - CORE/src/Collection/CollectionTrait.php, line 51
Bake\Shell\BakeShell::all() - ROOT/vendor/cakephp/bake/src/Shell/BakeShell.php, line 263
Cake\Console\Shell::runCommand() - CORE/src/Console/Shell.php, line 458
Cake\Console\ShellDispatcher::_dispatch() - CORE/src/Console/ShellDispatcher.php, line 230
Cake\Console\ShellDispatcher::dispatch() - CORE/src/Console/ShellDispatcher.php, line 182
Cake\Console\ShellDispatcher::run() - CORE/src/Console/ShellDispatcher.php, line 128
[main] - ROOT/bin/cake.php, line 34



2017-03-12 23:15:37 Warning: Warning (2): mkdir(): Permission denied in [/home/ricardo/workspace/adminFut/app/vendor/cakephp/cakephp/src/Filesystem/Folder.php, line 637]
Trace:
Cake\Error\BaseErrorHandler::handleError() - CORE/src/Error/BaseErrorHandler.php, line 153
mkdir - [internal], line ??
Cake\Filesystem\Folder::create() - CORE/src/Filesystem/Folder.php, line 637
Cake\Filesystem\Folder::__construct() - CORE/src/Filesystem/Folder.php, line 146
Cake\Filesystem\File::__construct() - CORE/src/Filesystem/File.php, line 85
Cake\Console\Shell::createFile() - CORE/src/Console/Shell.php, line 833
Bake\Shell\Task\TemplateTask::bake() - ROOT/vendor/cakephp/bake/src/Shell/Task/TemplateTask.php, line 398
Bake\Shell\Task\TemplateTask::main() - ROOT/vendor/cakephp/bake/src/Shell/Task/TemplateTask.php, line 154
Bake\Shell\BakeShell::Bake\Shell\{closure}() - ROOT/vendor/cakephp/bake/src/Shell/BakeShell.php, line 262
Cake\Collection\Collection::each() - CORE/src/Collection/CollectionTrait.php, line 51
Bake\Shell\BakeShell::all() - ROOT/vendor/cakephp/bake/src/Shell/BakeShell.php, line 263
Cake\Console\Shell::runCommand() - CORE/src/Console/Shell.php, line 458
Cake\Console\ShellDispatcher::_dispatch() - CORE/src/Console/ShellDispatcher.php, line 230
Cake\Console\ShellDispatcher::dispatch() - CORE/src/Console/ShellDispatcher.php, line 182
Cake\Console\ShellDispatcher::run() - CORE/src/Console/ShellDispatcher.php, line 128
[main] - ROOT/bin/cake.php, line 34



2017-03-12 23:15:37 Warning: Warning (2): mkdir(): Permission denied in [/home/ricardo/workspace/adminFut/app/vendor/cakephp/cakephp/src/Filesystem/Folder.php, line 637]
Trace:
Cake\Error\BaseErrorHandler::handleError() - CORE/src/Error/BaseErrorHandler.php, line 153
mkdir - [internal], line ??
Cake\Filesystem\Folder::create() - CORE/src/Filesystem/Folder.php, line 637
Cake\Filesystem\Folder::__construct() - CORE/src/Filesystem/Folder.php, line 146
Cake\Filesystem\File::__construct() - CORE/src/Filesystem/File.php, line 85
Cake\Console\Shell::createFile() - CORE/src/Console/Shell.php, line 833
Bake\Shell\Task\TemplateTask::bake() - ROOT/vendor/cakephp/bake/src/Shell/Task/TemplateTask.php, line 398
Bake\Shell\Task\TemplateTask::main() - ROOT/vendor/cakephp/bake/src/Shell/Task/TemplateTask.php, line 154
Bake\Shell\BakeShell::Bake\Shell\{closure}() - ROOT/vendor/cakephp/bake/src/Shell/BakeShell.php, line 262
Cake\Collection\Collection::each() - CORE/src/Collection/CollectionTrait.php, line 51
Bake\Shell\BakeShell::all() - ROOT/vendor/cakephp/bake/src/Shell/BakeShell.php, line 263
Cake\Console\Shell::runCommand() - CORE/src/Console/Shell.php, line 458
Cake\Console\ShellDispatcher::_dispatch() - CORE/src/Console/ShellDispatcher.php, line 230
Cake\Console\ShellDispatcher::dispatch() - CORE/src/Console/ShellDispatcher.php, line 182
Cake\Console\ShellDispatcher::run() - CORE/src/Console/ShellDispatcher.php, line 128
[main] - ROOT/bin/cake.php, line 34



2017-03-12 23:15:37 Warning: Warning (2): mkdir(): Permission denied in [/home/ricardo/workspace/adminFut/app/vendor/cakephp/cakephp/src/Filesystem/Folder.php, line 637]
Trace:
Cake\Error\BaseErrorHandler::handleError() - CORE/src/Error/BaseErrorHandler.php, line 153
mkdir - [internal], line ??
Cake\Filesystem\Folder::create() - CORE/src/Filesystem/Folder.php, line 637
Cake\Filesystem\Folder::__construct() - CORE/src/Filesystem/Folder.php, line 146
Cake\Filesystem\File::__construct() - CORE/src/Filesystem/File.php, line 85
Cake\Console\Shell::createFile() - CORE/src/Console/Shell.php, line 833
Bake\Shell\Task\TemplateTask::bake() - ROOT/vendor/cakephp/bake/src/Shell/Task/TemplateTask.php, line 398
Bake\Shell\Task\TemplateTask::main() - ROOT/vendor/cakephp/bake/src/Shell/Task/TemplateTask.php, line 154
Bake\Shell\BakeShell::Bake\Shell\{closure}() - ROOT/vendor/cakephp/bake/src/Shell/BakeShell.php, line 262
Cake\Collection\Collection::each() - CORE/src/Collection/CollectionTrait.php, line 51
Bake\Shell\BakeShell::all() - ROOT/vendor/cakephp/bake/src/Shell/BakeShell.php, line 263
Cake\Console\Shell::runCommand() - CORE/src/Console/Shell.php, line 458
Cake\Console\ShellDispatcher::_dispatch() - CORE/src/Console/ShellDispatcher.php, line 230
Cake\Console\ShellDispatcher::dispatch() - CORE/src/Console/ShellDispatcher.php, line 182
Cake\Console\ShellDispatcher::run() - CORE/src/Console/ShellDispatcher.php, line 128
[main] - ROOT/bin/cake.php, line 34



2017-03-12 23:15:37 Warning: Warning (2): mkdir(): Permission denied in [/home/ricardo/workspace/adminFut/app/vendor/cakephp/cakephp/src/Filesystem/Folder.php, line 637]
Trace:
Cake\Error\BaseErrorHandler::handleError() - CORE/src/Error/BaseErrorHandler.php, line 153
mkdir - [internal], line ??
Cake\Filesystem\Folder::create() - CORE/src/Filesystem/Folder.php, line 637
Cake\Filesystem\Folder::__construct() - CORE/src/Filesystem/Folder.php, line 146
Cake\Filesystem\File::__construct() - CORE/src/Filesystem/File.php, line 85
Cake\Console\Shell::createFile() - CORE/src/Console/Shell.php, line 833
Bake\Shell\Task\TemplateTask::bake() - ROOT/vendor/cakephp/bake/src/Shell/Task/TemplateTask.php, line 398
Bake\Shell\Task\TemplateTask::main() - ROOT/vendor/cakephp/bake/src/Shell/Task/TemplateTask.php, line 154
Bake\Shell\BakeShell::Bake\Shell\{closure}() - ROOT/vendor/cakephp/bake/src/Shell/BakeShell.php, line 262
Cake\Collection\Collection::each() - CORE/src/Collection/CollectionTrait.php, line 51
Bake\Shell\BakeShell::all() - ROOT/vendor/cakephp/bake/src/Shell/BakeShell.php, line 263
Cake\Console\Shell::runCommand() - CORE/src/Console/Shell.php, line 458
Cake\Console\ShellDispatcher::_dispatch() - CORE/src/Console/ShellDispatcher.php, line 230
Cake\Console\ShellDispatcher::dispatch() - CORE/src/Console/ShellDispatcher.php, line 182
Cake\Console\ShellDispatcher::run() - CORE/src/Console/ShellDispatcher.php, line 128
[main] - ROOT/bin/cake.php, line 34



2017-03-13 03:11:27 Warning: Warning (2): mkdir(): Permission denied in [/home/ricardo/workspace/adminFut/app/vendor/cakephp/cakephp/src/Filesystem/Folder.php, line 637]
Trace:
Cake\Error\BaseErrorHandler::handleError() - CORE/src/Error/BaseErrorHandler.php, line 153
mkdir - [internal], line ??
Cake\Filesystem\Folder::create() - CORE/src/Filesystem/Folder.php, line 637
Cake\Filesystem\Folder::__construct() - CORE/src/Filesystem/Folder.php, line 146
Cake\Filesystem\File::__construct() - CORE/src/Filesystem/File.php, line 85
Cake\Console\Shell::createFile() - CORE/src/Console/Shell.php, line 833
Bake\Shell\Task\TemplateTask::bake() - ROOT/vendor/cakephp/bake/src/Shell/Task/TemplateTask.php, line 398
Bake\Shell\Task\TemplateTask::main() - ROOT/vendor/cakephp/bake/src/Shell/Task/TemplateTask.php, line 154
Bake\Shell\BakeShell::Bake\Shell\{closure}() - ROOT/vendor/cakephp/bake/src/Shell/BakeShell.php, line 262
Cake\Collection\Collection::each() - CORE/src/Collection/CollectionTrait.php, line 51
Bake\Shell\BakeShell::all() - ROOT/vendor/cakephp/bake/src/Shell/BakeShell.php, line 263
Cake\Console\Shell::runCommand() - CORE/src/Console/Shell.php, line 458
Cake\Console\ShellDispatcher::_dispatch() - CORE/src/Console/ShellDispatcher.php, line 230
Cake\Console\ShellDispatcher::dispatch() - CORE/src/Console/ShellDispatcher.php, line 182
Cake\Console\ShellDispatcher::run() - CORE/src/Console/ShellDispatcher.php, line 128
[main] - ROOT/bin/cake.php, line 34



2017-03-13 03:11:27 Warning: Warning (2): mkdir(): Permission denied in [/home/ricardo/workspace/adminFut/app/vendor/cakephp/cakephp/src/Filesystem/Folder.php, line 637]
Trace:
Cake\Error\BaseErrorHandler::handleError() - CORE/src/Error/BaseErrorHandler.php, line 153
mkdir - [internal], line ??
Cake\Filesystem\Folder::create() - CORE/src/Filesystem/Folder.php, line 637
Cake\Filesystem\Folder::__construct() - CORE/src/Filesystem/Folder.php, line 146
Cake\Filesystem\File::__construct() - CORE/src/Filesystem/File.php, line 85
Cake\Console\Shell::createFile() - CORE/src/Console/Shell.php, line 833
Bake\Shell\Task\TemplateTask::bake() - ROOT/vendor/cakephp/bake/src/Shell/Task/TemplateTask.php, line 398
Bake\Shell\Task\TemplateTask::main() - ROOT/vendor/cakephp/bake/src/Shell/Task/TemplateTask.php, line 154
Bake\Shell\BakeShell::Bake\Shell\{closure}() - ROOT/vendor/cakephp/bake/src/Shell/BakeShell.php, line 262
Cake\Collection\Collection::each() - CORE/src/Collection/CollectionTrait.php, line 51
Bake\Shell\BakeShell::all() - ROOT/vendor/cakephp/bake/src/Shell/BakeShell.php, line 263
Cake\Console\Shell::runCommand() - CORE/src/Console/Shell.php, line 458
Cake\Console\ShellDispatcher::_dispatch() - CORE/src/Console/ShellDispatcher.php, line 230
Cake\Console\ShellDispatcher::dispatch() - CORE/src/Console/ShellDispatcher.php, line 182
Cake\Console\ShellDispatcher::run() - CORE/src/Console/ShellDispatcher.php, line 128
[main] - ROOT/bin/cake.php, line 34



2017-03-13 03:11:27 Warning: Warning (2): mkdir(): Permission denied in [/home/ricardo/workspace/adminFut/app/vendor/cakephp/cakephp/src/Filesystem/Folder.php, line 637]
Trace:
Cake\Error\BaseErrorHandler::handleError() - CORE/src/Error/BaseErrorHandler.php, line 153
mkdir - [internal], line ??
Cake\Filesystem\Folder::create() - CORE/src/Filesystem/Folder.php, line 637
Cake\Filesystem\Folder::__construct() - CORE/src/Filesystem/Folder.php, line 146
Cake\Filesystem\File::__construct() - CORE/src/Filesystem/File.php, line 85
Cake\Console\Shell::createFile() - CORE/src/Console/Shell.php, line 833
Bake\Shell\Task\TemplateTask::bake() - ROOT/vendor/cakephp/bake/src/Shell/Task/TemplateTask.php, line 398
Bake\Shell\Task\TemplateTask::main() - ROOT/vendor/cakephp/bake/src/Shell/Task/TemplateTask.php, line 154
Bake\Shell\BakeShell::Bake\Shell\{closure}() - ROOT/vendor/cakephp/bake/src/Shell/BakeShell.php, line 262
Cake\Collection\Collection::each() - CORE/src/Collection/CollectionTrait.php, line 51
Bake\Shell\BakeShell::all() - ROOT/vendor/cakephp/bake/src/Shell/BakeShell.php, line 263
Cake\Console\Shell::runCommand() - CORE/src/Console/Shell.php, line 458
Cake\Console\ShellDispatcher::_dispatch() - CORE/src/Console/ShellDispatcher.php, line 230
Cake\Console\ShellDispatcher::dispatch() - CORE/src/Console/ShellDispatcher.php, line 182
Cake\Console\ShellDispatcher::run() - CORE/src/Console/ShellDispatcher.php, line 128
[main] - ROOT/bin/cake.php, line 34



2017-03-13 03:11:27 Warning: Warning (2): mkdir(): Permission denied in [/home/ricardo/workspace/adminFut/app/vendor/cakephp/cakephp/src/Filesystem/Folder.php, line 637]
Trace:
Cake\Error\BaseErrorHandler::handleError() - CORE/src/Error/BaseErrorHandler.php, line 153
mkdir - [internal], line ??
Cake\Filesystem\Folder::create() - CORE/src/Filesystem/Folder.php, line 637
Cake\Filesystem\Folder::__construct() - CORE/src/Filesystem/Folder.php, line 146
Cake\Filesystem\File::__construct() - CORE/src/Filesystem/File.php, line 85
Cake\Console\Shell::createFile() - CORE/src/Console/Shell.php, line 833
Bake\Shell\Task\TemplateTask::bake() - ROOT/vendor/cakephp/bake/src/Shell/Task/TemplateTask.php, line 398
Bake\Shell\Task\TemplateTask::main() - ROOT/vendor/cakephp/bake/src/Shell/Task/TemplateTask.php, line 154
Bake\Shell\BakeShell::Bake\Shell\{closure}() - ROOT/vendor/cakephp/bake/src/Shell/BakeShell.php, line 262
Cake\Collection\Collection::each() - CORE/src/Collection/CollectionTrait.php, line 51
Bake\Shell\BakeShell::all() - ROOT/vendor/cakephp/bake/src/Shell/BakeShell.php, line 263
Cake\Console\Shell::runCommand() - CORE/src/Console/Shell.php, line 458
Cake\Console\ShellDispatcher::_dispatch() - CORE/src/Console/ShellDispatcher.php, line 230
Cake\Console\ShellDispatcher::dispatch() - CORE/src/Console/ShellDispatcher.php, line 182
Cake\Console\ShellDispatcher::run() - CORE/src/Console/ShellDispatcher.php, line 128
[main] - ROOT/bin/cake.php, line 34



